2020-08-23 17:26:25 - {"success":-1,"traffic":""}
2020-08-24 17:04:45 - {"success":-1,"traffic":""}
2020-08-25 17:04:45 - {"success":-1,"traffic":""}
2020-08-26 11:08:47 - {"success":-1,"traffic":""}
2020-08-26 11:17:21 - {"success":-1,"traffic":""}
2020-08-26 11:19:20 - {"success":-1,"traffic":""}
2020-08-26 19:25:58 - {"success":0,"traffic":""}
2020-08-27 01:04:41 - {"success":1,"traffic":192411508}
2020-08-28 01:05:01 - {"success":1,"traffic":685163378}
2020-08-29 01:04:47 - {"success":1,"traffic":295167418}
2020-08-30 01:07:09 - {"success":1,"traffic":80515142}
2020-08-31 01:08:57 - {"success":1,"traffic":355188757}
2020-09-01 01:05:20 - {"success":1,"traffic":705340930}
2020-09-02 00:53:01 - {"success":1,"traffic":355358212}
2020-09-03 00:32:04 - {"success":1,"traffic":272129430}
2020-09-04 00:31:56 - {"success":1,"traffic":590098217}
2020-09-05 00:31:56 - {"success":1,"traffic":498834515}
2020-09-06 00:31:59 - {"success":1,"traffic":719764630}
2020-09-07 00:31:54 - {"success":1,"traffic":153102250}
2020-09-08 00:31:52 - {"success":1,"traffic":73010099}
2020-09-09 00:31:55 - {"success":1,"traffic":524807373}
2020-09-10 00:32:12 - {"success":1,"traffic":550101028}
2020-09-11 00:34:49 - {"success":1,"traffic":358873849}
2020-09-12 00:32:09 - {"success":1,"traffic":449820343}
2020-09-13 00:32:22 - {"success":1,"traffic":683677754}
2020-09-14 00:32:11 - {"success":1,"traffic":496061184}
2020-09-15 00:32:14 - {"success":1,"traffic":641697018}
2020-09-16 00:32:02 - {"success":1,"traffic":409352121}
2020-09-17 00:32:01 - {"success":1,"traffic":290835834}
2020-09-18 00:32:09 - {"success":1,"traffic":78646937}
2020-09-19 00:31:57 - {"success":1,"traffic":357352958}
2020-09-20 00:31:54 - {"success":1,"traffic":121651524}
2020-09-21 00:31:59 - {"success":1,"traffic":542478038}
2020-09-22 00:31:54 - {"success":1,"traffic":546145292}
2020-09-23 00:31:57 - {"success":1,"traffic":715703937}
2020-09-24 00:32:01 - {"success":1,"traffic":446750874}
2020-09-25 00:32:06 - {"success":1,"traffic":18389737}
2020-09-26 00:32:32 - {"success":1,"traffic":721326478}
2020-09-27 00:32:14 - {"success":1,"traffic":682972770}
2020-09-28 00:32:07 - {"success":1,"traffic":574672857}
2020-09-29 00:31:59 - {"success":1,"traffic":608028056}
2020-09-30 00:32:12 - {"success":1,"traffic":353690548}
2020-10-01 00:32:17 - {"success":1,"traffic":505233747}
2020-10-02 00:32:30 - {"success":1,"traffic":408328933}
2020-10-03 00:32:31 - {"success":1,"traffic":354619652}
2020-10-04 00:36:45 - {"success":1,"traffic":732412338}
2020-10-05 00:32:48 - {"success":1,"traffic":61110219}
2020-10-06 00:33:34 - {"success":1,"traffic":198597669}
2020-10-07 00:34:08 - {"success":1,"traffic":223387339}
2020-10-08 00:34:37 - {"success":1,"traffic":62670391}
2020-10-09 00:34:57 - {"success":1,"traffic":254605855}
2020-10-10 00:35:39 - {"success":1,"traffic":527740328}
2020-10-11 00:34:49 - {"success":1,"traffic":192662332}
2020-10-12 00:34:54 - {"success":1,"traffic":40988984}
2020-10-13 00:36:27 - {"success":1,"traffic":547794540}
2020-10-14 00:37:59 - {"success":1,"traffic":152074202}
2020-10-15 00:38:50 - {"success":1,"traffic":338920878}
2020-10-16 00:38:44 - {"success":1,"traffic":439888441}
2020-10-17 00:38:40 - {"success":1,"traffic":32156935}
2020-10-18 00:37:55 - {"success":1,"traffic":112664388}
2020-10-19 00:38:06 - {"success":1,"traffic":476856830}
2020-10-20 00:39:57 - {"success":1,"traffic":327630087}
2020-10-21 00:41:10 - {"success":1,"traffic":460367416}
2020-10-22 00:43:03 - {"success":1,"traffic":646088384}
2020-10-23 00:42:41 - {"success":1,"traffic":4811718}
2020-10-24 00:43:40 - {"success":1,"traffic":113499117}
2020-10-25 00:43:17 - {"success":1,"traffic":561245045}
2020-10-26 00:44:28 - {"success":1,"traffic":653033076}
2020-10-27 00:47:15 - {"success":1,"traffic":616852896}
2020-10-28 00:49:31 - {"success":1,"traffic":593131340}
2020-10-29 00:50:47 - {"success":1,"traffic":5786182}
2020-11-01 00:32:26 - {"success":1,"traffic":627783365}
2020-11-02 00:34:00 - {"success":1,"traffic":543750311}
2020-11-03 00:39:09 - {"success":1,"traffic":593740752}
2020-11-04 00:41:23 - {"success":1,"traffic":112554691}
2020-11-05 00:41:43 - {"success":1,"traffic":286455765}
2020-11-06 00:45:25 - {"success":1,"traffic":286411937}
2020-11-07 00:44:39 - {"success":1,"traffic":266609014}
2020-11-08 00:44:26 - {"success":1,"traffic":179258203}
2020-11-09 00:45:23 - {"success":1,"traffic":700287810}
2020-11-10 00:51:58 - {"success":1,"traffic":113197589}
2020-11-11 00:35:25 - {"success":1,"traffic":384760583}
2020-11-12 00:35:49 - {"success":1,"traffic":130843582}
2020-11-13 00:43:20 - {"success":1,"traffic":399562155}
2020-11-14 00:40:34 - {"success":1,"traffic":420360862}
2020-11-15 00:39:00 - {"success":1,"traffic":414899638}
2020-11-16 00:39:39 - {"success":1,"traffic":213997164}
2020-11-17 00:45:15 - {"success":1,"traffic":320166502}
2020-11-18 00:49:27 - {"success":1,"traffic":602094540}
2020-11-19 00:49:18 - {"success":1,"traffic":251532763}
2020-11-20 00:53:34 - {"success":1,"traffic":707484919}
2020-11-21 00:47:35 - {"success":1,"traffic":233079727}
2020-11-22 00:45:09 - {"success":1,"traffic":603395724}
2020-11-22 23:41:29 - {"success":-1,"traffic":""}{"success":0,"traffic":""}
2020-11-22 23:42:24 - {"success":-1,"traffic":""}{"success":0,"traffic":""}
2020-11-22 23:44:13 - {"success":0,"traffic":""}{"success":0,"traffic":""}
2020-11-23 00:45:44 - {"success":1,"traffic":538933062}{"success":1,"traffic":667940984}
2020-11-24 00:51:52 - {"success":1,"traffic":455312825}{"success":1,"traffic":692844127}
2020-11-25 00:51:12 - {"success":1,"traffic":630509897}{"success":1,"traffic":482208228}
2020-11-26 00:52:35 - {"success":1,"traffic":663523645}{"success":1,"traffic":9082568}
2020-11-27 00:50:39 - {"success":1,"traffic":683005762}{"success":1,"traffic":703979392}
2020-11-28 00:51:00 - {"success":1,"traffic":1347084}{"success":1,"traffic":661681478}
2020-11-29 00:49:01 - {"success":1,"traffic":705517146}{"success":1,"traffic":254764183}
2020-11-30 00:50:47 - {"success":1,"traffic":409816046}{"success":1,"traffic":548808540}
2020-12-01 01:00:16 - {"success":1,"traffic":501792230}{"success":1,"traffic":222336511}
2020-12-02 07:44:04 - {"success":1,"traffic":36252311}{"success":1,"traffic":198828404}
2020-12-03 00:59:33 - {"success":1,"traffic":336399306}{"success":1,"traffic":515431071}
2020-12-04 00:54:18 - {"success":1,"traffic":445085832}{"success":1,"traffic":714012384}
2020-12-05 00:55:16 - {"success":1,"traffic":320074432}{"success":1,"traffic":17582089}
2020-12-06 00:54:11 - {"success":1,"traffic":345425439}{"success":1,"traffic":124334604}
2020-12-07 00:55:03 - {"success":1,"traffic":161836123}{"success":1,"traffic":85456119}
2020-12-08 00:57:11 - {"success":1,"traffic":220916072}{"success":1,"traffic":404255377}
2020-12-09 00:57:44 - {"success":1,"traffic":334881310}{"success":1,"traffic":93473051}
2020-12-10 00:53:16 - {"success":1,"traffic":147688372}{"success":1,"traffic":602974556}
2020-12-11 00:59:29 - {"success":1,"traffic":465882062}{"success":1,"traffic":280390920}
2020-12-12 00:59:53 - {"success":1,"traffic":186113334}{"success":1,"traffic":554046141}
2020-12-13 00:59:56 - {"success":0,"traffic":""}{"success":1,"traffic":81465758}
2020-12-14 01:00:24 - {"success":1,"traffic":508723244}{"success":1,"traffic":497827546}
2020-12-15 00:59:59 - {"success":1,"traffic":200830921}{"success":1,"traffic":655358065}
2020-12-16 01:03:09 - {"success":1,"traffic":178958685}{"success":1,"traffic":379802035}
2020-12-17 01:04:07 - {"success":1,"traffic":684251948}{"success":1,"traffic":62719004}
2020-12-18 01:07:23 - {"success":1,"traffic":494190304}{"success":1,"traffic":491967529}
2020-12-18 16:27:00 - {"success":0,"traffic":""}{"success":0,"traffic":""}
2020-12-19 01:09:52 - {"success":1,"traffic":12397968}{"success":1,"traffic":437765864}
2020-12-20 01:09:34 - {"success":1,"traffic":511209933}{"success":1,"traffic":13127397}
2020-12-21 01:09:08 - {"success":1,"traffic":277610577}{"success":1,"traffic":40005667}
2020-12-22 01:11:42 - {"success":1,"traffic":596010107}{"success":1,"traffic":126171223}
2020-12-23 01:17:29 - {"success":1,"traffic":604625082}{"success":1,"traffic":163496231}
2020-12-24 01:20:12 - {"success":1,"traffic":154984252}{"success":1,"traffic":424053007}
2020-12-25 01:21:54 - {"success":1,"traffic":550823325}{"success":1,"traffic":81640373}
2020-12-26 01:18:14 - {"success":1,"traffic":413578030}{"success":1,"traffic":379570361}
2020-12-27 01:17:58 - {"success":1,"traffic":301901422}{"success":1,"traffic":349925035}
2020-12-28 01:19:03 - {"success":1,"traffic":632571851}{"success":1,"traffic":156325137}
2020-12-29 01:22:53 - {"success":1,"traffic":369358208}{"success":1,"traffic":46416409}
2020-12-30 01:27:00 - {"success":1,"traffic":635436235}{"success":1,"traffic":78787109}
2020-12-31 01:27:23 - {"success":1,"traffic":684333319}{"success":1,"traffic":697213847}
2021-01-01 01:30:55 - {"success":1,"traffic":133999699}{"success":1,"traffic":443462406}
2021-01-02 01:28:56 - {"success":1,"traffic":232591218}{"success":1,"traffic":733727027}
2021-01-05 01:34:15 - {"success":1,"traffic":709069256}{"success":1,"traffic":124269269}
2021-01-06 01:39:52 - {"success":1,"traffic":343357360}{"success":1,"traffic":415683747}
2021-01-07 01:37:21 - {"success":1,"traffic":338594404}{"success":1,"traffic":243606968}
2021-01-08 01:38:20 - {"success":1,"traffic":494563335}{"success":1,"traffic":437996769}
2021-01-09 01:39:29 - {"success":1,"traffic":628232130}{"success":1,"traffic":356256067}
2021-01-10 01:42:12 - {"success":1,"traffic":707873463}{"success":1,"traffic":377348804}
2021-01-11 01:43:44 - {"success":1,"traffic":498233480}{"success":1,"traffic":698932011}
2021-01-12 01:45:09 - {"success":1,"traffic":272219067}{"success":1,"traffic":17890044}
2021-01-13 01:50:38 - {"success":1,"traffic":173503532}{"success":1,"traffic":10618355}
2021-01-14 02:00:13 - {"success":1,"traffic":481067952}{"success":1,"traffic":141570614}
2021-01-15 01:58:29 - {"success":1,"traffic":455575223}{"success":1,"traffic":115888113}
2021-01-16 01:58:43 - {"success":1,"traffic":575750496}{"success":1,"traffic":548956351}
2021-01-17 01:55:13 - {"success":1,"traffic":359251304}{"success":1,"traffic":392111066}
2021-01-18 01:54:29 - {"success":1,"traffic":253545354}{"success":1,"traffic":584818127}
2021-01-19 01:57:10 - {"success":1,"traffic":410269941}{"success":1,"traffic":448183050}
2021-01-20 01:55:54 - {"success":1,"traffic":401898066}{"success":1,"traffic":572598368}
2021-01-21 01:58:54 - {"success":1,"traffic":545704210}{"success":1,"traffic":284969116}
2021-01-22 01:58:17 - {"success":1,"traffic":167293457}{"success":1,"traffic":572314847}
2021-01-23 01:57:05 - {"success":1,"traffic":247638445}{"success":1,"traffic":499264580}
2021-01-24 01:53:57 - {"success":1,"traffic":473472316}{"success":1,"traffic":687269612}
2021-01-25 01:54:05 - {"success":1,"traffic":194516234}{"success":1,"traffic":149679759}
2021-01-26 01:56:49 - {"success":1,"traffic":691261557}{"success":1,"traffic":558539734}
2021-01-27 01:18:22 - {"success":1,"traffic":281206803}{"success":1,"traffic":209774824}
2021-01-28 01:19:08 - {"success":1,"traffic":584086816}{"success":1,"traffic":243500925}
2021-01-29 01:20:42 - {"success":1,"traffic":675722488}{"success":1,"traffic":718956007}
2021-01-30 01:21:39 - {"success":1,"traffic":653421145}{"success":1,"traffic":623411799}
2021-01-31 01:19:53 - {"success":1,"traffic":689042238}{"success":1,"traffic":448213666}
2021-02-01 01:19:58 - {"success":1,"traffic":701811274}{"success":1,"traffic":723855031}
2021-02-02 01:21:45 - {"success":1,"traffic":495081156}{"success":1,"traffic":339532939}
2021-02-03 01:21:59 - {"success":1,"traffic":510211673}{"success":1,"traffic":668406538}
2021-02-04 01:13:51 - {"success":1,"traffic":642822651}{"success":1,"traffic":359457100}
2021-02-05 01:02:03 - {"success":1,"traffic":597698419}{"success":1,"traffic":462446757}
2021-02-06 01:04:02 - {"success":1,"traffic":641098850}{"success":1,"traffic":305016147}
